<?xml version="1.0" encoding="UTF-8"?>
<!-- Generated by org.testng.reporters.JUnitReportReporter -->
<testsuite hostname="Shyam_Why" failures="0" tests="1" name="runner.TestRunner" time="7.937" errors="0" timestamp="2022-09-02T18:59:31 NZST" skipped="0">
  <testcase classname="runner.TestRunner" name="runScenario" time="7.937"/>
  <system-out/>
</testsuite> <!-- runner.TestRunner -->
